<html>
<body>
<pre>
<h1>µVision Build Log</h1>
<h2>Tool Versions:</h2>
IDE-Version: µVision V5.25.2.0
Copyright (C) 2018 ARM Ltd and ARM Germany GmbH. All rights reserved.
License Information: nata natashok-krugle, Hewlett-Packard, LIC=----
 
Tool Versions:
Toolchain:       MDK-Lite  Version: 5.25.2.0
Toolchain Path:  C:\Keil_v5\ARM\ARMCC\Bin
C Compiler:      Armcc.exe V5.06 update 6 (build 750)
Assembler:       Armasm.exe V5.06 update 6 (build 750)
Linker/Locator:  ArmLink.exe V5.06 update 6 (build 750)
Library Manager: ArmAr.exe V5.06 update 6 (build 750)
Hex Converter:   FromElf.exe V5.06 update 6 (build 750)
CPU DLL:         SARMCM3.DLL V5.25.2.0
Dialog DLL:      DARMSTM.DLL V1.68.0.0
Target DLL:      STLink\ST-LINKIII-KEIL_SWO.dll V3.0.1.0
Dialog DLL:      TARMSTM.DLL V1.66.0.0
 
<h2>Project:</h2>
C:\Users\natas\OneDrive\Äîêóìåíòû\ÝÂÌ\assignment_3_maltseva_natalia-master\dummy.uvproj
Project File Date:  10/13/2018

<h2>Output:</h2>
*** Using Compiler 'V5.06 update 6 (build 750)', folder: 'C:\Keil_v5\ARM\ARMCC\Bin'
Build target 'Target 1'
compiling eval.c...
src\main\eval.c(44): error:  #20: identifier "i" is undefined
  			for(i = 0; i < length; ++i)
src\main\eval.c(126): warning:  #1215-D: #warning directive: Implement this!
  #warning Implement this!
src\main\eval.c(127): error:  #120: return value type does not match the function type
      return o_brackets;
src\main\eval.c(16): warning:  #177-D: variable "numbers"  was declared but never referenced
  	int numbers = 0;
src\main\eval.c(17): warning:  #177-D: variable "signes"  was declared but never referenced
  	int signes = 0;
src\main\eval.c(18): warning:  #550-D: variable "blocks"  was set but never used
  	int* blocks; // number of 'blocks', i.e. (...)
src\main\eval.c(19): warning:  #550-D: variable "expression"  was set but never used
  	int* expression;
src\main\eval.c(20): warning:  #550-D: variable "operators"  was set but never used
  	char* operators;
src\main\eval.c(132): warning:  #1215-D: #warning directive: Implement this!
  #warning Implement this!
src\main\eval.c: 7 warnings, 2 errors
compiling main.c...
".\obj\dummy.axf" - 2 Error(s), 7 Warning(s).
Target not created.
Build Time Elapsed:  00:00:11
</pre>
</body>
</html>
